Taking input from: ../output_lighttree_nojetmetdphicut/
-------------------------------------
Module List
-------------------------------------
wmunu
wenu
wtaunu
zmumu
QCD
vv
wgamma
top
data
signal
plotter
summary
-------------------------------------
Module Initialisation Output
-------------------------------------
Initialisation info for wmunu:
  Signal MC set is: WJets_munu
  Control MC set is: WJets_munu
  Control data set is: PARKEDPLUSA
  Base selection is: jet1_eta*jet2_eta<0 && jet1_eta<4.7 && jet2_eta<4.7 && dijet_M>=800&&jet1_pt>50&&dijet_deta>3.6&& jet2_pt>40&&metnomuons>90&&metnomu_significance>3.0&&jetmetnomu_mindphi>0.5
  Signal extra selection is: nselmuons==1&&nvetomuons==1&&nvetoelectrons==0
  Control extra selection is: nvetoelectrons==0 && nvetomuons==1 && nselmuons==1
  Signal MC weight is: total_weight_lepveto
  Control MC weight is: total_weight_leptight
  Control data weight is: weight_nolep
Initialisation info for wenu:
  Signal MC set is: WJets_enu
  Control MC set is: WJets_enu
  Control data set is: PARKEDPLUSA
  Base selection is: jet1_eta*jet2_eta<0 && jet1_eta<4.7 && jet2_eta<4.7 && dijet_M>=800&&jet1_pt>50&&dijet_deta>3.6&& jet2_pt>40&&metnomuons>90&&metnomu_significance>3.0&&jetmetnomu_mindphi>0.5
  Signal extra selection is: nselmuons==1&&nvetomuons==1&&nvetoelectrons==0
  Control extra selection is: nselelectrons==1 && nvetoelectrons ==1 && nvetomuons==0
  Signal MC weight is: total_weight_lepveto
  Control MC weight is: total_weight_leptight
  Control data weight is: weight_nolep
Initialisation info for wtaunu:
  Signal MC set is: WJets_taunu
  Control MC set is: WJets_taunu
  Control data set is: PARKEDPLUSA
  Base selection is: jet1_eta*jet2_eta<0 && jet1_eta<4.7 && jet2_eta<4.7 && dijet_M>=800&&jet1_pt>50&&dijet_deta>3.6&& jet2_pt>40&&metnomuons>90&&metnomu_significance>3.0&&jetmetnomu_mindphi>0.5
  Signal extra selection is: nselmuons==1&&nvetomuons==1&&nvetoelectrons==0
  Control extra selection is: ntaus>=1&&nvetoelectrons ==0 && nvetomuons==0&&lep_mt>20
  Signal MC weight is: total_weight_lepveto
  Control MC weight is: total_weight_lepveto
  Control data weight is: weight_nolep
Initialisation info for zmumu:
Signal MC ewk set is: ZJets_ll_vbf
Signal MC qcd set is: ZJets_ll
Control MC ewk set  is: ZJets_ll_vbf
Control MC qcd set is: ZJets_ll
Control data set is: PARKEDPLUSA
Base selection is: jet1_eta*jet2_eta<0 && jet1_eta<4.7 && jet2_eta<4.7 && dijet_M>=800&&jet1_pt>50&&dijet_deta>3.6&& jet2_pt>40&&metnomuons>90&&metnomu_significance>3.0&&jetmetnomu_mindphi>0.5
Signal extra selection is: m_mumu_gen>80&&m_mumu_gen<100&&nselmuons==1&&nvetomuons==3&&nvetoelectrons==0&&m_mumu>60&&m_mumu<120
Control extra selection is: nvetoelectrons==0 && nvetomuons==2 && nselmuons==2&&m_mumu>60&&m_mumu<120
Inclusive control ewk cross-section: 303
Inclusive control qcd cross-section: 1.1679e+06
Inclusive signal ewk cross-section: 1380
Inclusive signal qcd cross-section: 6.5998e+06
Number of generated ewk Z events: 5781.91
Number of generated qcd Z events: 2.27893e+07
Number of generated ewk Z events after mass filtering: 4226.53
Number of generated qcd Z events after mass filtering: 2.03349e+07
Initialisation info for QCD:
  Signal MC set is: VBF-QCD
  Control MC set is: VBF-QCD
  Control data set is: PARKEDPLUSA
  Base selection is: jet1_eta*jet2_eta<0 && jet1_eta<4.7 && jet2_eta<4.7 && dijet_M>=800&&jet1_pt>50&&dijet_deta>3.6&& jet2_pt>40&&metnomuons>90&&metnomu_significance>3.0&&jetmetnomu_mindphi>0.5
  Signal extra selection is: nselmuons==1&&nvetomuons==1&&nvetoelectrons==0
  Control extra selection is: nvetoelectrons==0&&nvetomuons==0
  Signal MC weight is: total_weight_lepveto
  Control MC weight is: total_weight_lepveto
  Control data weight is: weight_nolep
Initialisation info for vv:
  Data sets are: 
    VV
  Base selection is: jet1_eta*jet2_eta<0 && jet1_eta<4.7 && jet2_eta<4.7 && dijet_M>=800&&jet1_pt>50&&dijet_deta>3.6&& jet2_pt>40&&metnomuons>90&&metnomu_significance>3.0&&jetmetnomu_mindphi>0.5
  Extra selection is: nselmuons==1&&nvetomuons==1&&nvetoelectrons==0
  Data weight is: weight_nolep
Initialisation info for wgamma:
  Data sets are: 
    WGamma
  Base selection is: jet1_eta*jet2_eta<0 && jet1_eta<4.7 && jet2_eta<4.7 && dijet_M>=800&&jet1_pt>50&&dijet_deta>3.6&& jet2_pt>40&&metnomuons>90&&metnomu_significance>3.0&&jetmetnomu_mindphi>0.5
  Extra selection is: nselmuons==1&&nvetomuons==1&&nvetoelectrons==0
  Data weight is: weight_nolep
Initialisation info for top:
  Data sets are: 
    Top
  Base selection is: jet1_eta*jet2_eta<0 && jet1_eta<4.7 && jet2_eta<4.7 && dijet_M>=800&&jet1_pt>50&&dijet_deta>3.6&& jet2_pt>40&&metnomuons>90&&metnomu_significance>3.0&&jetmetnomu_mindphi>0.5
  Extra selection is: nselmuons==1&&nvetomuons==1&&nvetoelectrons==0
  Data weight is: weight_nolep
Initialisation info for data:
  Data sets are: 
    PARKEDPLUSA
  Base selection is: jet1_eta*jet2_eta<0 && jet1_eta<4.7 && jet2_eta<4.7 && dijet_M>=800&&jet1_pt>50&&dijet_deta>3.6&& jet2_pt>40&&metnomuons>90&&metnomu_significance>3.0&&jetmetnomu_mindphi>0.5
  Extra selection is: nselmuons==1&&nvetomuons==1&&nvetoelectrons==0&&((((run>=190456)&&(run<=193621))&&passtrigger==1)||(((run>=193833)&&(run<=196531))&&passparkedtrigger1==1)||(((run>=203777)&&(run<=208686))&&passparkedtrigger2==1))&&l1met>40
  Data weight is: weight_nolep
Initialisation info for signal:
  Data sets are: 
    sig125
  Base selection is: jet1_eta*jet2_eta<0 && jet1_eta<4.7 && jet2_eta<4.7 && dijet_M>=800&&jet1_pt>50&&dijet_deta>3.6&& jet2_pt>40&&metnomuons>90&&metnomu_significance>3.0&&jetmetnomu_mindphi>0.5
  Extra selection is: nselmuons==1&&nvetomuons==1&&nvetoelectrons==0
  Data weight is: weight_nolep
Initialisation info for plotter:
Initialisation info for summary:
  Processes are: 
    wel
    wmu
    wtau
    zvv
    qcd
    vv
    wg
    top
    qqH
    data_obs
-------------------------------------
Beginning Main Analysis Sequence
-------------------------------------
wmunu:
  Getting control MC shape
  Getting control MC Backgrounds shape
  Getting control Data shape
  ncmc: 8283.24, ncdata: 5610, ncbkg: 1823.47
  weight: 0.457132
  Getting signal MC shapes
  Normalised NSMC: 4266.05
wenu:
  Getting control MC shape
  Getting control MC Backgrounds shape
  Getting control Data shape
  ncmc: 2460.06, ncdata: 1569, ncbkg: 543.26
  weight: 0.416957
  Getting signal MC shapes
  Normalised NSMC: 0.0107555
wtaunu:
  Getting control MC shape
  Getting control MC Backgrounds shape
  Getting control Data shape
  ncmc: 361.813, ncdata: 377, ncbkg: 119.529
  weight: 0.711614
  Getting signal MC shapes
  Normalised NSMC: 0.097719
zmumu:
  Getting control MC shape
  Getting control MC Backgrounds shape
  Getting control Data shape
  ncmcewk: 70.6077, ncmcqcd: 402.431, ncdata: 290, ncbkg: 23.7853
NSMC EWK: 0 NSMC QCD: 0
NSMC EWK: 0 NSMC QCD: 0
NSMC EWK: 0 NSMC QCD: 0
NSMC EWK: 0 NSMC QCD: 0
NSMC EWK: 0 NSMC QCD: 0
NSMC EWK: 0 NSMC QCD: 0
NSMC EWK: 0 NSMC QCD: 0
NSMC EWK: 0 NSMC QCD: 0
NSMC EWK: 0 NSMC QCD: 0
NSMC EWK: 0 NSMC QCD: 0
NSMC EWK: 0 NSMC QCD: 0
NSMC EWK: 0 NSMC QCD: 0
NSMC EWK: 0 NSMC QCD: 0
NSMC EWK: 0 NSMC QCD: 0
NSMC EWK: 0 NSMC QCD: 0
NSMC EWK: 0 NSMC QCD: 0
NSMC EWK: 0 NSMC QCD: 0
NSMC EWK: 0 NSMC QCD: 0
NSMC EWK: 0 NSMC QCD: 0
NSMC EWK: 0 NSMC QCD: 0
QCD:
  Getting control MC shape
WARNING: VBF-QCD-Pt-1400to1800 is empty.
  Getting control MC Backgrounds shape
  Getting control Data shape
  ncmc: 5411.47, ncdata: 29035, ncbkg: 12946.8
  weight: 2.97297
  Getting signal MC shapes
WARNING: VBF-QCD-Pt-1400to1800 is empty.
  Normalised NSMC: 219.39
WARNING: VBF-QCD-Pt-1400to1800 is empty.
WARNING: VBF-QCD-Pt-1400to1800 is empty.
WARNING: VBF-QCD-Pt-1400to1800 is empty.
WARNING: VBF-QCD-Pt-1400to1800 is empty.
WARNING: VBF-QCD-Pt-1400to1800 is empty.
WARNING: VBF-QCD-Pt-1400to1800 is empty.
WARNING: VBF-QCD-Pt-1400to1800 is empty.
WARNING: VBF-QCD-Pt-1400to1800 is empty.
WARNING: VBF-QCD-Pt-1400to1800 is empty.
WARNING: VBF-QCD-Pt-1400to1800 is empty.
WARNING: VBF-QCD-Pt-1400to1800 is empty.
WARNING: VBF-QCD-Pt-1400to1800 is empty.
WARNING: VBF-QCD-Pt-1400to1800 is empty.
WARNING: VBF-QCD-Pt-1400to1800 is empty.
WARNING: VBF-QCD-Pt-1400to1800 is empty.
WARNING: VBF-QCD-Pt-1400to1800 is empty.
WARNING: VBF-QCD-Pt-1400to1800 is empty.
WARNING: VBF-QCD-Pt-1400to1800 is empty.
WARNING: VBF-QCD-Pt-1400to1800 is empty.
vv:
  Getting shape
  nevents: 52.8796
wgamma:
  Getting shape
  nevents: 212.362
top:
  Getting shape
  nevents: 1125.72
data:
  Getting shape
  nevents: 5610
signal:
  Getting shape
  nevents: 0
plotter:
  Drawing plot for jet2_pt
    Getting histograms..
    Drawing Stack..
    Drawing Unstacked..
Info in <TCanvas::Print>: pdf file output_contplots_leadingjetsmetdphicut05/munu.pdf has been created
Info in <TCanvas::Print>: pdf file output_contplots_leadingjetsmetdphicut05/munu_jet2_pt.pdf has been created
  Drawing plot for jet1_pt
    Getting histograms..
    Drawing Stack..
    Drawing Unstacked..
Info in <TCanvas::Print>: Current canvas added to pdf file output_contplots_leadingjetsmetdphicut05/munu.pdf
Info in <TCanvas::Print>: pdf file output_contplots_leadingjetsmetdphicut05/munu_jet1_pt.pdf has been created
  Drawing plot for metnomuons
    Getting histograms..
    Drawing Stack..
    Drawing Unstacked..
Info in <TCanvas::Print>: Current canvas added to pdf file output_contplots_leadingjetsmetdphicut05/munu.pdf
Info in <TCanvas::Print>: pdf file output_contplots_leadingjetsmetdphicut05/munu_metnomuons.pdf has been created
  Drawing plot for l1met
    Getting histograms..
    Drawing Stack..
    Drawing Unstacked..
Info in <TCanvas::Print>: Current canvas added to pdf file output_contplots_leadingjetsmetdphicut05/munu.pdf
Info in <TCanvas::Print>: pdf file output_contplots_leadingjetsmetdphicut05/munu_l1met.pdf has been created
  Drawing plot for dijet_M
    Getting histograms..
    Drawing Stack..
    Drawing Unstacked..
Info in <TCanvas::Print>: Current canvas added to pdf file output_contplots_leadingjetsmetdphicut05/munu.pdf
Info in <TCanvas::Print>: pdf file output_contplots_leadingjetsmetdphicut05/munu_dijet_M.pdf has been created
  Drawing plot for jetmetnomu_mindphi
    Getting histograms..
    Drawing Stack..
    Drawing Unstacked..
Info in <TCanvas::Print>: Current canvas added to pdf file output_contplots_leadingjetsmetdphicut05/munu.pdf
Info in <TCanvas::Print>: pdf file output_contplots_leadingjetsmetdphicut05/munu_jetmetnomu_mindphi.pdf has been created
  Drawing plot for alljetsmetnomu_mindphi
    Getting histograms..
    Drawing Stack..
    Drawing Unstacked..
Info in <TCanvas::Print>: Current canvas added to pdf file output_contplots_leadingjetsmetdphicut05/munu.pdf
Info in <TCanvas::Print>: pdf file output_contplots_leadingjetsmetdphicut05/munu_alljetsmetnomu_mindphi.pdf has been created
  Drawing plot for metnomu_significance
    Getting histograms..
    Drawing Stack..
    Drawing Unstacked..
Info in <TCanvas::Print>: Current canvas added to pdf file output_contplots_leadingjetsmetdphicut05/munu.pdf
Info in <TCanvas::Print>: pdf file output_contplots_leadingjetsmetdphicut05/munu_metnomu_significance.pdf has been created
  Drawing plot for dijet_sumeta
    Getting histograms..
    Drawing Stack..
    Drawing Unstacked..
Info in <TCanvas::Print>: Current canvas added to pdf file output_contplots_leadingjetsmetdphicut05/munu.pdf
Info in <TCanvas::Print>: pdf file output_contplots_leadingjetsmetdphicut05/munu_dijet_sumeta.pdf has been created
  Drawing plot for ht
    Getting histograms..
    Drawing Stack..
    Drawing Unstacked..
Info in <TCanvas::Print>: Current canvas added to pdf file output_contplots_leadingjetsmetdphicut05/munu.pdf
Info in <TCanvas::Print>: pdf file output_contplots_leadingjetsmetdphicut05/munu_ht.pdf has been created
  Drawing plot for jetunclet_mindphi
    Getting histograms..
    Drawing Stack..
    Drawing Unstacked..
Info in <TCanvas::Print>: Current canvas added to pdf file output_contplots_leadingjetsmetdphicut05/munu.pdf
Info in <TCanvas::Print>: pdf file output_contplots_leadingjetsmetdphicut05/munu_jetunclet_mindphi.pdf has been created
  Drawing plot for metnomuunclet_dphi
    Getting histograms..
    Drawing Stack..
    Drawing Unstacked..
Info in <TCanvas::Print>: Current canvas added to pdf file output_contplots_leadingjetsmetdphicut05/munu.pdf
Info in <TCanvas::Print>: pdf file output_contplots_leadingjetsmetdphicut05/munu_metnomuunclet_dphi.pdf has been created
  Drawing plot for dijetmetnomu_scalarSum_pt
    Getting histograms..
    Drawing Stack..
    Drawing Unstacked..
Info in <TCanvas::Print>: Current canvas added to pdf file output_contplots_leadingjetsmetdphicut05/munu.pdf
Info in <TCanvas::Print>: pdf file output_contplots_leadingjetsmetdphicut05/munu_dijetmetnomu_scalarSum_pt.pdf has been created
  Drawing plot for dijetmetnomu_vectorialSum_pt
    Getting histograms..
    Drawing Stack..
    Drawing Unstacked..
Info in <TCanvas::Print>: Current canvas added to pdf file output_contplots_leadingjetsmetdphicut05/munu.pdf
Info in <TCanvas::Print>: pdf file output_contplots_leadingjetsmetdphicut05/munu_dijetmetnomu_vectorialSum_pt.pdf has been created
  Drawing plot for n_jets_cjv_30
    Getting histograms..
    Drawing Stack..
    Drawing Unstacked..
Info in <TCanvas::Print>: Current canvas added to pdf file output_contplots_leadingjetsmetdphicut05/munu.pdf
Info in <TCanvas::Print>: pdf file output_contplots_leadingjetsmetdphicut05/munu_n_jets_cjv_30.pdf has been created
  Drawing plot for n_jets_cjv_20EB_30EE
    Getting histograms..
    Drawing Stack..
    Drawing Unstacked..
Info in <TCanvas::Print>: Current canvas added to pdf file output_contplots_leadingjetsmetdphicut05/munu.pdf
Info in <TCanvas::Print>: pdf file output_contplots_leadingjetsmetdphicut05/munu_n_jets_cjv_20EB_30EE.pdf has been created
  Drawing plot for dijet_dphi
    Getting histograms..
    Drawing Stack..
    Drawing Unstacked..
Info in <TCanvas::Print>: Current canvas added to pdf file output_contplots_leadingjetsmetdphicut05/munu.pdf
Info in <TCanvas::Print>: pdf file output_contplots_leadingjetsmetdphicut05/munu_dijet_dphi.pdf has been created
  Drawing plot for dijet_deta
    Getting histograms..
    Drawing Stack..
    Drawing Unstacked..
Info in <TCanvas::Print>: Current canvas added to pdf file output_contplots_leadingjetsmetdphicut05/munu.pdf
Info in <TCanvas::Print>: pdf file output_contplots_leadingjetsmetdphicut05/munu_dijet_deta.pdf has been created
  Drawing plot for lep_mt
    Getting histograms..
    Drawing Stack..
    Drawing Unstacked..
Info in <TCanvas::Print>: Current canvas added to pdf file output_contplots_leadingjetsmetdphicut05/munu.pdf
Info in <TCanvas::Print>: pdf file output_contplots_leadingjetsmetdphicut05/munu_lep_mt.pdf has been created
  Drawing plot for dijetmetnomu_ptfraction
    Getting histograms..
    Drawing Stack..
    Drawing Unstacked..
Info in <TCanvas::Print>: Current canvas added to pdf file output_contplots_leadingjetsmetdphicut05/munu.pdf
Info in <TCanvas::Print>: pdf file output_contplots_leadingjetsmetdphicut05/munu_dijetmetnomu_ptfraction.pdf has been created
summary:
wel: 0.0107555
wmu: 4266.05
wtau: 0.097719
zvv: 0
qcd: 219.39
vv: 52.8796
wg: 212.362
top: 1125.72
qqH: 0
data_obs: 5610
All modules ran and exited with status 0.
