Taking input from: ../output_lighttree_nojetmetdphicut/
-------------------------------------
Module Initialisation Output
-------------------------------------
Initialisation info for top:
  Signal MC set is: Top
  Control MC set is: Top
  Control data set is: PARKEDPLUSA
  Base selection is: jet1_eta*jet2_eta<0 && jet1_eta<4.7 && jet2_eta<4.7 && dijet_M>=800&&jet1_pt>50&&dijet_deta>3.6&& jet2_pt>40&&metnomuons>90&&metnomu_significance>3.0
  Signal extra selection is: nselmuons==2&&nvetomuons==2&&nvetoelectrons==0&&m_mumu>60&&m_mumu<120&&alljetsmetnomu_mindphi>1.0
  Control extra selection is: nvetomuons==1&&nvetoelectrons==1&&nselmuons==1&&nselelectrons&&alljetsmetnomu_mindphi>1.0
  Signal MC weight is: total_weight_lepveto
  Control MC weight is: total_weight_leptight
  Control data weight is: weight_nolep
Initialisation info for wmunu:
  Signal MC set is: WJets_munu
  Control MC set is: WJets_munu
  Control data set is: PARKEDPLUSA
  Base selection is: jet1_eta*jet2_eta<0 && jet1_eta<4.7 && jet2_eta<4.7 && dijet_M>=800&&jet1_pt>50&&dijet_deta>3.6&& jet2_pt>40&&metnomuons>90&&metnomu_significance>3.0
  Signal extra selection is: nselmuons==2&&nvetomuons==2&&nvetoelectrons==0&&m_mumu>60&&m_mumu<120&&alljetsmetnomu_mindphi>1.0
  Control extra selection is: nselmuons==1&&nvetomuons==1&&nvetoelectrons==0&&alljetsmetnomu_mindphi>1.0
  Signal MC weight is: total_weight_lepveto
  Control MC weight is: total_weight_leptight
  Control data weight is: weight_nolep
Initialisation info for wenu:
  Signal MC set is: WJets_enu
  Control MC set is: WJets_enu
  Control data set is: PARKEDPLUSA
  Base selection is: jet1_eta*jet2_eta<0 && jet1_eta<4.7 && jet2_eta<4.7 && dijet_M>=800&&jet1_pt>50&&dijet_deta>3.6&& jet2_pt>40&&metnomuons>90&&metnomu_significance>3.0
  Signal extra selection is: nselmuons==2&&nvetomuons==2&&nvetoelectrons==0&&m_mumu>60&&m_mumu<120&&alljetsmetnomu_mindphi>1.0
  Control extra selection is: nselelectrons==1&&nvetomuons==0&&nvetoelectrons==1&&alljetsmetnomu_mindphi>1.0
  Signal MC weight is: total_weight_lepveto
  Control MC weight is: total_weight_leptight
  Control data weight is: weight_nolep
Initialisation info for wtaunu:
  Signal MC set is: WJets_taunu
  Control MC set is: WJets_taunu
  Control data set is: PARKEDPLUSA
  Base selection is: jet1_eta*jet2_eta<0 && jet1_eta<4.7 && jet2_eta<4.7 && dijet_M>=800&&jet1_pt>50&&dijet_deta>3.6&& jet2_pt>40&&metnomuons>90&&metnomu_significance>3.0
  Signal extra selection is: nselmuons==2&&nvetomuons==2&&nvetoelectrons==0&&m_mumu>60&&m_mumu<120&&alljetsmetnomu_mindphi>1.0
  Control extra selection is: ntaus==1&&nvetomuons==0&&nvetoelectrons==0&&lep_mt>20&&alljetsmetnomu_mindphi>1.0
  Signal MC weight is: total_weight_lepveto
  Control MC weight is: total_weight_lepveto
  Control data weight is: weight_nolep
Initialisation info for zmumuinzcont:
  Signal MC set is: ZJets_ll_all
  Control MC set is: ZJets_ll_all
  Control data set is: PARKEDPLUSA
  Base selection is: jet1_eta*jet2_eta<0 && jet1_eta<4.7 && jet2_eta<4.7 && dijet_M>=800&&jet1_pt>50&&dijet_deta>3.6&& jet2_pt>40&&metnomuons>90&&metnomu_significance>3.0
  Signal extra selection is: m_mumu_gen>80&&m_mumu_gen<100&&nselmuons==2&&nvetomuons==2&&m_mumu>60&&m_mumu<120&&alljetsmetnomu_mindphi>1.0
  Control extra selection is: nselmuons==2&&nvetomuons==2&&nvetoelectrons==0&&m_mumu>60&&m_mumu<120&&alljetsmetnomu_mindphi>1.0
  Signal MC weight is: total_weight_leptight
  Control MC weight is: total_weight_leptight
  Control data weight is: weight_nolep
Initialisation info for QCDraw:
  Data sets are: 
    VBF-QCD
  Base selection is: jet1_eta*jet2_eta<0 && jet1_eta<4.7 && jet2_eta<4.7 && dijet_M>=800&&jet1_pt>50&&dijet_deta>3.6&& jet2_pt>40&&metnomuons>90&&metnomu_significance>3.0
  Extra selection is: nselmuons==2&&nvetomuons==2&&nvetoelectrons==0&&m_mumu>60&&m_mumu<120&&alljetsmetnomu_mindphi>1.0
  Data weight is: weight_nolep
Initialisation info for vv:
  Data sets are: 
    VV
  Base selection is: jet1_eta*jet2_eta<0 && jet1_eta<4.7 && jet2_eta<4.7 && dijet_M>=800&&jet1_pt>50&&dijet_deta>3.6&& jet2_pt>40&&metnomuons>90&&metnomu_significance>3.0
  Extra selection is: nselmuons==2&&nvetomuons==2&&nvetoelectrons==0&&m_mumu>60&&m_mumu<120&&alljetsmetnomu_mindphi>1.0
  Data weight is: weight_nolep
Initialisation info for wgamma:
  Data sets are: 
    WGamma
  Base selection is: jet1_eta*jet2_eta<0 && jet1_eta<4.7 && jet2_eta<4.7 && dijet_M>=800&&jet1_pt>50&&dijet_deta>3.6&& jet2_pt>40&&metnomuons>90&&metnomu_significance>3.0
  Extra selection is: nselmuons==2&&nvetomuons==2&&nvetoelectrons==0&&m_mumu>60&&m_mumu<120&&alljetsmetnomu_mindphi>1.0
  Data weight is: weight_nolep
Initialisation info for data:
  Data sets are: 
    PARKEDPLUSA
  Base selection is: jet1_eta*jet2_eta<0 && jet1_eta<4.7 && jet2_eta<4.7 && dijet_M>=800&&jet1_pt>50&&dijet_deta>3.6&& jet2_pt>40&&metnomuons>90&&metnomu_significance>3.0
  Extra selection is: nselmuons==2&&nvetomuons==2&&nvetoelectrons==0&&m_mumu>60&&m_mumu<120&&alljetsmetnomu_mindphi>1.0&&((((run>=190456)&&(run<=193621))&&passtrigger==1)||(((run>=193833)&&(run<=196531))&&passparkedtrigger1==1)||(((run>=203777)&&(run<=208686))&&passparkedtrigger2==1))&&l1met>40
  Data weight is: weight_nolep
Initialisation info for signal:
  Data sets are: 
    sig125
  Base selection is: jet1_eta*jet2_eta<0 && jet1_eta<4.7 && jet2_eta<4.7 && dijet_M>=800&&jet1_pt>50&&dijet_deta>3.6&& jet2_pt>40&&metnomuons>90&&metnomu_significance>3.0
  Extra selection is: nselmuons==2&&nvetomuons==2&&nvetoelectrons==0&&m_mumu>60&&m_mumu<120&&alljetsmetnomu_mindphi>1.0
  Data weight is: weight_nolep
Initialisation info for plotter:
Initialisation info for summary:
  Processes are: 
    wel
    wmu
    wtau
    zvv
    vv
    wg
    top
    qqH
    data_obs
-------------------------------------
Beginning Main Analysis Sequence
-------------------------------------
top:
  Getting control MC shape
  Getting control MC Backgrounds shape
  Getting control Data shape
  ncmc: 39.3261+-4.92883, ncdata: 30+-5.47723, ncbkg: 3.91074+-2.19569
  weight: 0.663408+-0.139277(data stat.)+-0.100153(MC stat.)
  Getting signal MC shapes
  Normalised NSMC: 9.71227+-2.03901(data stat.)+-2.72341(MC stat.)
wmunu:
  Getting control MC shape
  Getting control MC Backgrounds shape
  Getting control Data shape
  ncmc: 6154.07+-58.2444, ncdata: 3762+-61.3351, ncbkg: 542.716+-20.0893
  weight: 0.523114+-0.00996659(data stat.)+-0.00593028(MC stat.)
  Getting signal MC shapes
  Normalised NSMC: 0+-0(data stat.)+--nan(MC stat.)
wenu:
  Getting control MC shape
  Getting control MC Backgrounds shape
  Getting control Data shape
  ncmc: 1900.12+-30.0931, ncdata: 1050+-32.4037, ncbkg: 175.316+-11.4822
  weight: 0.460331+-0.0170535(data stat.)+-0.0094693(MC stat.)
  Getting signal MC shapes
  Normalised NSMC: 0+-0(data stat.)+--nan(MC stat.)
wtaunu:
  Getting control MC shape
  Getting control MC Backgrounds shape
  Getting control Data shape
  ncmc: 86.4295+-6.24052, ncdata: 96+-9.79796, ncbkg: 14.2323+-3.24665
  weight: 0.946063+-0.113364(data stat.)+-0.0779564(MC stat.)
  Getting signal MC shapes
  Normalised NSMC: 0+-0(data stat.)+--nan(MC stat.)
zmumuinzcont:
  Getting control MC shape
  Getting control MC Backgrounds shape
  Getting control Data shape
  ncmc: 358.662+-9.18082, ncdata: 224+-14.9666, ncbkg: 15.8996+-2.679
  weight: 0.580214+-0.0417291(data stat.)+-0.0166245(MC stat.)
  Getting signal MC shapes
  Normalised NSMC: 194.276+-13.9724(data stat.)+-7.57575(MC stat.)
QCDraw:
  Getting shape
WARNING: VBF-QCD-Pt-1400to1800 is empty.
  nevents: 0+-0
WARNING: VBF-QCD-Pt-1400to1800 is empty.
WARNING: VBF-QCD-Pt-1400to1800 is empty.
WARNING: VBF-QCD-Pt-1400to1800 is empty.
WARNING: VBF-QCD-Pt-1400to1800 is empty.
WARNING: VBF-QCD-Pt-1400to1800 is empty.
WARNING: VBF-QCD-Pt-1400to1800 is empty.
WARNING: VBF-QCD-Pt-1400to1800 is empty.
WARNING: VBF-QCD-Pt-1400to1800 is empty.
WARNING: VBF-QCD-Pt-1400to1800 is empty.
WARNING: VBF-QCD-Pt-1400to1800 is empty.
WARNING: VBF-QCD-Pt-1400to1800 is empty.
WARNING: VBF-QCD-Pt-1400to1800 is empty.
WARNING: VBF-QCD-Pt-1400to1800 is empty.
WARNING: VBF-QCD-Pt-1400to1800 is empty.
WARNING: VBF-QCD-Pt-1400to1800 is empty.
WARNING: VBF-QCD-Pt-1400to1800 is empty.
WARNING: VBF-QCD-Pt-1400to1800 is empty.
WARNING: VBF-QCD-Pt-1400to1800 is empty.
WARNING: VBF-QCD-Pt-1400to1800 is empty.
WARNING: VBF-QCD-Pt-1400to1800 is empty.
WARNING: VBF-QCD-Pt-1400to1800 is empty.
WARNING: VBF-QCD-Pt-1400to1800 is empty.
WARNING: VBF-QCD-Pt-1400to1800 is empty.
WARNING: VBF-QCD-Pt-1400to1800 is empty.
WARNING: VBF-QCD-Pt-1400to1800 is empty.
WARNING: VBF-QCD-Pt-1400to1800 is empty.
vv:
  Getting shape
  nevents: 4.52704+-0.496633
wgamma:
  Getting shape
  nevents: 0+-0
data:
  Getting shape
  nevents: 224+-14.9666
signal:
  Getting shape
  nevents: 0+-0
plotter:
  Drawing plot for jet2_pt
    Getting histograms..
    Drawing Stack..
    Drawing Unstacked..
Info in <TCanvas::Print>: pdf file output_contplots_alljets10topalljets10/mumu.pdf has been created
Info in <TCanvas::Print>: pdf file output_contplots_alljets10topalljets10/mumu_jet2_pt.pdf has been created
  Drawing plot for jet1_pt
    Getting histograms..
    Drawing Stack..
    Drawing Unstacked..
Info in <TCanvas::Print>: Current canvas added to pdf file output_contplots_alljets10topalljets10/mumu.pdf
Info in <TCanvas::Print>: pdf file output_contplots_alljets10topalljets10/mumu_jet1_pt.pdf has been created
  Drawing plot for metnomuons
    Getting histograms..
    Drawing Stack..
    Drawing Unstacked..
Info in <TCanvas::Print>: Current canvas added to pdf file output_contplots_alljets10topalljets10/mumu.pdf
Info in <TCanvas::Print>: pdf file output_contplots_alljets10topalljets10/mumu_metnomuons.pdf has been created
  Drawing plot for met
    Getting histograms..
    Drawing Stack..
    Drawing Unstacked..
Info in <TCanvas::Print>: Current canvas added to pdf file output_contplots_alljets10topalljets10/mumu.pdf
Info in <TCanvas::Print>: pdf file output_contplots_alljets10topalljets10/mumu_met.pdf has been created
  Drawing plot for l1met
    Getting histograms..
    Drawing Stack..
    Drawing Unstacked..
Info in <TCanvas::Print>: Current canvas added to pdf file output_contplots_alljets10topalljets10/mumu.pdf
Info in <TCanvas::Print>: pdf file output_contplots_alljets10topalljets10/mumu_l1met.pdf has been created
  Drawing plot for dijet_M
    Getting histograms..
    Drawing Stack..
    Drawing Unstacked..
Info in <TCanvas::Print>: Current canvas added to pdf file output_contplots_alljets10topalljets10/mumu.pdf
Info in <TCanvas::Print>: pdf file output_contplots_alljets10topalljets10/mumu_dijet_M.pdf has been created
  Drawing plot for jetmetnomu_mindphi
    Getting histograms..
    Drawing Stack..
    Drawing Unstacked..
Info in <TCanvas::Print>: Current canvas added to pdf file output_contplots_alljets10topalljets10/mumu.pdf
Info in <TCanvas::Print>: pdf file output_contplots_alljets10topalljets10/mumu_jetmetnomu_mindphi.pdf has been created
  Drawing plot for alljetsmetnomu_mindphi
    Getting histograms..
    Drawing Stack..
    Drawing Unstacked..
Info in <TCanvas::Print>: Current canvas added to pdf file output_contplots_alljets10topalljets10/mumu.pdf
Info in <TCanvas::Print>: pdf file output_contplots_alljets10topalljets10/mumu_alljetsmetnomu_mindphi.pdf has been created
  Drawing plot for metnomu_significance
    Getting histograms..
    Drawing Stack..
    Drawing Unstacked..
Info in <TCanvas::Print>: Current canvas added to pdf file output_contplots_alljets10topalljets10/mumu.pdf
Info in <TCanvas::Print>: pdf file output_contplots_alljets10topalljets10/mumu_metnomu_significance.pdf has been created
  Drawing plot for dijet_sumeta
    Getting histograms..
    Drawing Stack..
    Drawing Unstacked..
Info in <TCanvas::Print>: Current canvas added to pdf file output_contplots_alljets10topalljets10/mumu.pdf
Info in <TCanvas::Print>: pdf file output_contplots_alljets10topalljets10/mumu_dijet_sumeta.pdf has been created
  Drawing plot for ht
    Getting histograms..
    Drawing Stack..
    Drawing Unstacked..
Info in <TCanvas::Print>: Current canvas added to pdf file output_contplots_alljets10topalljets10/mumu.pdf
Info in <TCanvas::Print>: pdf file output_contplots_alljets10topalljets10/mumu_ht.pdf has been created
  Drawing plot for jetunclet_mindphi
    Getting histograms..
    Drawing Stack..
    Drawing Unstacked..
Info in <TCanvas::Print>: Current canvas added to pdf file output_contplots_alljets10topalljets10/mumu.pdf
Info in <TCanvas::Print>: pdf file output_contplots_alljets10topalljets10/mumu_jetunclet_mindphi.pdf has been created
  Drawing plot for metnomuunclet_dphi
    Getting histograms..
    Drawing Stack..
    Drawing Unstacked..
Info in <TCanvas::Print>: Current canvas added to pdf file output_contplots_alljets10topalljets10/mumu.pdf
Info in <TCanvas::Print>: pdf file output_contplots_alljets10topalljets10/mumu_metnomuunclet_dphi.pdf has been created
  Drawing plot for dijetmetnomu_scalarSum_pt
    Getting histograms..
    Drawing Stack..
    Drawing Unstacked..
Info in <TCanvas::Print>: Current canvas added to pdf file output_contplots_alljets10topalljets10/mumu.pdf
Info in <TCanvas::Print>: pdf file output_contplots_alljets10topalljets10/mumu_dijetmetnomu_scalarSum_pt.pdf has been created
  Drawing plot for dijetmetnomu_vectorialSum_pt
    Getting histograms..
    Drawing Stack..
    Drawing Unstacked..
Info in <TCanvas::Print>: Current canvas added to pdf file output_contplots_alljets10topalljets10/mumu.pdf
Info in <TCanvas::Print>: pdf file output_contplots_alljets10topalljets10/mumu_dijetmetnomu_vectorialSum_pt.pdf has been created
  Drawing plot for n_jets_cjv_30
    Getting histograms..
    Drawing Stack..
    Drawing Unstacked..
Info in <TCanvas::Print>: Current canvas added to pdf file output_contplots_alljets10topalljets10/mumu.pdf
Info in <TCanvas::Print>: pdf file output_contplots_alljets10topalljets10/mumu_n_jets_cjv_30.pdf has been created
  Drawing plot for n_jets_cjv_20EB_30EE
    Getting histograms..
    Drawing Stack..
    Drawing Unstacked..
Info in <TCanvas::Print>: Current canvas added to pdf file output_contplots_alljets10topalljets10/mumu.pdf
Info in <TCanvas::Print>: pdf file output_contplots_alljets10topalljets10/mumu_n_jets_cjv_20EB_30EE.pdf has been created
  Drawing plot for dijet_dphi
    Getting histograms..
    Drawing Stack..
    Drawing Unstacked..
Info in <TCanvas::Print>: Current canvas added to pdf file output_contplots_alljets10topalljets10/mumu.pdf
Info in <TCanvas::Print>: pdf file output_contplots_alljets10topalljets10/mumu_dijet_dphi.pdf has been created
  Drawing plot for dijet_deta
    Getting histograms..
    Drawing Stack..
    Drawing Unstacked..
Info in <TCanvas::Print>: Current canvas added to pdf file output_contplots_alljets10topalljets10/mumu.pdf
Info in <TCanvas::Print>: pdf file output_contplots_alljets10topalljets10/mumu_dijet_deta.pdf has been created
  Drawing plot for lep_mt
    Getting histograms..
    Drawing Stack..
    Drawing Unstacked..
Info in <TCanvas::Print>: Current canvas added to pdf file output_contplots_alljets10topalljets10/mumu.pdf
Info in <TCanvas::Print>: pdf file output_contplots_alljets10topalljets10/mumu_lep_mt.pdf has been created
  Drawing plot for dijetmetnomu_ptfraction
    Getting histograms..
    Drawing Stack..
    Drawing Unstacked..
Info in <TCanvas::Print>: Current canvas added to pdf file output_contplots_alljets10topalljets10/mumu.pdf
Info in <TCanvas::Print>: pdf file output_contplots_alljets10topalljets10/mumu_dijetmetnomu_ptfraction.pdf has been created
  Drawing plot for lep_mt
    Getting histograms..
    Drawing Stack..
    Drawing Unstacked..
Info in <TCanvas::Print>: Current canvas added to pdf file output_contplots_alljets10topalljets10/mumu.pdf
Info in <TCanvas::Print>: pdf file output_contplots_alljets10topalljets10/mumu_lep_mt.pdf has been created
  Drawing plot for ele1_pt
    Getting histograms..
    Drawing Stack..
    Drawing Unstacked..
Info in <TCanvas::Print>: Current canvas added to pdf file output_contplots_alljets10topalljets10/mumu.pdf
Info in <TCanvas::Print>: pdf file output_contplots_alljets10topalljets10/mumu_ele1_pt.pdf has been created
  Drawing plot for mu1_pt
    Getting histograms..
    Drawing Stack..
    Drawing Unstacked..
Info in <TCanvas::Print>: Current canvas added to pdf file output_contplots_alljets10topalljets10/mumu.pdf
Info in <TCanvas::Print>: pdf file output_contplots_alljets10topalljets10/mumu_mu1_pt.pdf has been created
  Drawing plot for jet1_csv
    Getting histograms..
    Drawing Stack..
    Drawing Unstacked..
Info in <TCanvas::Print>: Current canvas added to pdf file output_contplots_alljets10topalljets10/mumu.pdf
Info in <TCanvas::Print>: pdf file output_contplots_alljets10topalljets10/mumu_jet1_csv.pdf has been created
  Drawing plot for jet2_csv
    Getting histograms..
    Drawing Stack..
    Drawing Unstacked..
Info in <TCanvas::Print>: Current canvas added to pdf file output_contplots_alljets10topalljets10/mumu.pdf
Info in <TCanvas::Print>: pdf file output_contplots_alljets10topalljets10/mumu_jet2_csv.pdf has been created
  Drawing plot for jet3_csv
    Getting histograms..
    Drawing Stack..
    Drawing Unstacked..
Info in <TCanvas::Print>: Current canvas added to pdf file output_contplots_alljets10topalljets10/mumu.pdf
Info in <TCanvas::Print>: pdf file output_contplots_alljets10topalljets10/mumu_jet3_csv.pdf has been created
summary:
wel: 0
wmu: 0
wtau: 0
zvv: 194.276
vv: 4.52704
wg: 0
top: 9.71227
qqH: 0
data_obs: 224
All modules ran and exited with status 0.
